2020-01,4.9                                                                                                                                                                                    
2020-02,4.6                                                                                                                                                                                    
2020-03,5.5                                                                                                                                                                                    
2020-04,16.8                                                                                                                                                                                   
2020-05,21.6                                                                                                                                                                                  
2020-06,24.7                                                                                                                                                                                  
2020-07,25                                                                                                                                                                                    
2020-08,21.2                                                                                                                                                                                  
2020-09,18.6                                                                                                                                                                                  
2020-10,17.5                                                                                                                                                                                  
2019-00,5.4                                                                                                                                                                                    
2019-01,6.7                                                                                                                                                                                    
2019-02,6.2                                                                                                                                                                                    
2019-03,5.8                                                                                                                                                                                    
2019-04,5                                                                                                                                                                                      
2019-05,5.1                                                                                                                                                                                    
2019-06,5.2                                                                                                                                                                                    
2019-07,5.8                                                                                                                                                                                    
2019-08,5.7                                                                                                                                                                                    
2019-09,4.8                                                                                                                                                                                    
2019-10,5                                                                                                                                                                                      
2019-11,4.7                                                                                                                                                                                    
2019-12,4.4                                                                                                                                                                                    
2018-00,5.8                                                                                                                                                                                    
2018-01,6.5                                                                                                                                                                                    
2018-02,6.5                                                                                                                                                                                    
2018-03,6                                                                                                                                                                                      
2018-04,5.4                                                                                                                                                                                    
2018-05,5.1                                                                                                                                                                                    
2018-06,5.8                                                                                                                                                                                    
2018-07,6.1                                                                                                                                                                                    
2018-08,6.1                                                                                                                                                                                    
2018-09,5.3                                                                                                                                                                                    
2018-10,5.4                                                                                                                                                                                    
2018-11,5.3                                                                                                                                                                                    
2018-12,5.6                                                                                                                                                                                    
2017-00,6.3                                                                                                                                                                                    
2017-01,7                                                                                                                                                                                      
2017-02,6.8                                                                                                                                                                                    
2017-03,6.2                                                                                                                                                                                    
2017-04,5.8                                                                                                                                                                                    
2017-05,6                                                                                                                                                                                      
2017-06,6.2                                                                                                                                                                                    
2017-07,6.9                                                                                                                                                                                    
2017-08,7                                                                                                                                                                                      
2017-09,6.2                                                                                                                                                                                    
2017-10,6                                                                                                                                                                                      
2017-11,5.8                                                                                                                                                                                    
2017-12,5.7                                                                                                                                                                                    
2016-00,7.1                                                                                                                                                                                    
2016-01,7.7                                                                                                                                                                                    
2016-02,7.6                                                                                                                                                                                    
2016-03,7.4                                                                                                                                                                                    
2016-04,6.7                                                                                                                                                                                    
2016-05,6.4                                                                                                                                                                                    
2016-06,7.1                                                                                                                                                                                    
2016-07,7.7                                                                                                                                                                                    
2016-08,7.7                                                                                                                                                                                    
2016-09,7.3                                                                                                                                                                                    
2016-10,7.3                                                                                                                                                                                    
2016-11,6.5                                                                                                                                                                                    
2016-12,6.3                                                                                                                                                                                    
2015-00,7.8                                                                                                                                                                                    
2015-01,9.4                                                                                                                                                                                    
2015-02,9                                                                                                                                                                                      
2015-03,8.2                                                                                                                                                                                    
2015-04,7.7                                                                                                                                                                                    
2015-05,7.9                                                                                                                                                                                    
2015-06,7.6                                                                                                                                                                                    
2015-07,7.9                                                                                                                                                                                    
2015-08,7.4                                                                                                                                                                                    
2015-09,6.8                                                                                                                                                                                    
2015-10,7.2                                                                                                                                                                                    
2015-11,7.3                                                                                                                                                                                    
2015-12,7.1                                                                                                                                                                                    
2014-00,9.8                                                                                                                                                                                    
2014-01,11.2                                                                                                                                                                                   
2014-02,11.4                                                                                                                                                                                   
2014-03,11                                                                                                                                                                                     
2014-04,9.5                                                                                                                                                                                    
2014-05,9.7                                                                                                                                                                                    
2014-06,9.7                                                                                                                                                                                    
2014-07,10.2                                                                                                                                                                                   
2014-08,9.8                                                                                                                                                                                    
2014-09,8.8                                                                                                                                                                                    
2014-10,8.9                                                                                                                                                                                    
2014-11,9                                                                                                                                                                                      
2014-12,8.5                                                                                                                                                                                    
2013-00,11.8                                                                                                                                                                                   
2013-01,13                                                                                                                                                                                     
2013-02,12.5                                                                                                                                                                                   
2013-03,11.7                                                                                                                                                                                   
2013-04,10.9                                                                                                                                                                                   
2013-05,11.4                                                                                                                                                                                   
2013-06,12.1                                                                                                                                                                                   
2013-07,12.3                                                                                                                                                                                   
2013-08,12.1                                                                                                                                                                                   
2013-09,11.6                                                                                                                                                                                   
2013-10,11.9                                                                                                                                                                                   
2013-11,11.1                                                                                                                                                                                   
2013-12,10.6                                                                                                                                                                                   
2012-00,12.4                                                                                                                                                                                   
2012-01,13.2                                                                                                                                                                                   
2012-02,13.5                                                                                                                                                                                   
2012-03,12.9                                                                                                                                                                                   
2012-04,11.8                                                                                                                                                                                   
2012-05,12.1                                                                                                                                                                                   
2012-06,12.8                                                                                                                                                                                   
2012-07,13.2                                                                                                                                                                                   
2012-08,12.6                                                                                                                                                                                   
2012-09,11.8                                                                                                                                                                                   
2012-10,12.1                                                                                                                                                                                   
2012-11,11.4                                                                                                                                                                                   
2012-12,11.9                                                                                                                                                                                   
2011-00,11.9                                                                                                                                                                                   
2011-01,12.3                                                                                                                                                                                   
2011-02,12                                                                                                                                                                                     
2011-03,11.4                                                                                                                                                                                   
2011-04,11                                                                                                                                                                                     
2011-05,11.1                                                                                                                                                                                   
2011-06,11.9                                                                                                                                                                                   
2011-07,12.3                                                                                                                                                                                   
2011-08,12.1                                                                                                                                                                                   
2011-09,12.2                                                                                                                                                                                   
2011-10,12.4                                                                                                                                                                                   
2011-11,12.1                                                                                                                                                                                   
2011-12,12.3                                                                                                                                                                                   
2010-00,12                                                                                                                                                                                     
2010-01,12.8                                                                                                                                                                                   
2010-02,12.6                                                                                                                                                                                   
2010-03,12.3                                                                                                                                                                                   
2010-04,11.8                                                                                                                                                                                   
2010-05,11.4                                                                                                                                                                                   
2010-06,11.7                                                                                                                                                                                   
2010-07,12.3                                                                                                                                                                                   
2010-08,12                                                                                                                                                                                     
2010-09,11.7                                                                                                                                                                                   
2010-10,11.7                                                                                                                                                                                   
2010-11,11.9                                                                                                                                                                                   
2010-12,11.5                                                                                                                                                                                   
2009-00,12                                                                                                                                                                                     
2009-01,10.5                                                                                                                                                                                   
2009-02,11.1                                                                                                                                                                                   
2009-03,11                                                                                                                                                                                     
2009-04,10.5                                                                                                                                                                                   
2009-05,11.1                                                                                                                                                                                   
2009-06,12                                                                                                                                                                                     
2009-07,12.6                                                                                                                                                                                   
2009-08,12.8                                                                                                                                                                                   
2009-09,13                                                                                                                                                                                     
2009-10,13.4                                                                                                                                                                                   
2009-11,13                                                                                                                                                                                     
2009-12,13.3                                                                                                                                                                                   
2008-00,7.6                                                                                                                                                                                    
2008-01,7.6                                                                                                                                                                                    
2008-02,7.3                                                                                                                                                                                    
2008-03,6.9                                                                                                                                                                                    
2008-04,6.1                                                                                                                                                                                    
2008-05,6.7                                                                                                                                                                                    
2008-06,6.9                                                                                                                                                                                    
2008-07,7.6                                                                                                                                                                                    
2008-08,8                                                                                                                                                                                      
2008-09,7.8                                                                                                                                                                                    
2008-10,8.3                                                                                                                                                                                    
2008-11,8.4                                                                                                                                                                                    
2008-12,9.1                                                                                                                                                                                    
2007-00,6.8                                                                                                                                                                                    
2007-01,7.2                                                                                                                                                                                    
2007-02,6.9                                                                                                                                                                                    
2007-03,6.3                                                                                                                                                                                    
2007-04,6.1                                                                                                                                                                                    
2007-05,6.3                                                                                                                                                                                    
2007-06,6.9                                                                                                                                                                                    
2007-07,7.7                                                                                                                                                                                    
2007-08,7.2                                                                                                                                                                                    
2007-09,6.8                                                                                                                                                                                    
2007-10,6.9                                                                                                                                                                                    
2007-11,6.6                                                                                                                                                                                    
2007-12,6.9                                                                                                                                                                                    
2006-00,6.7                                                                                                                                                                                    
2006-01,7.4                                                                                                                                                                                    
2006-02,7.6                                                                                                                                                                                    
2006-03,7                                                                                                                                                                                      
2006-04,6.7                                                                                                                                                                                    
2006-05,6.4                                                                                                                                                                                    
2006-06,6.4                                                                                                                                                                                    
2006-07,7.2                                                                                                                                                                                    
2006-08,6.6                                                                                                                                                                                    
2006-09,6.2                                                                                                                                                                                    
2006-10,6                                                                                                                                                                                      
2006-11,6.2                                                                                                                                                                                    
2006-12,6                                                                                                                                                                                      
2005-00,7.6                                                                                                                                                                                    
2005-01,8.1                                                                                                                                                                                    
2005-02,8.2                                                                                                                                                                                    
2005-03,7.4                                                                                                                                                                                    
2005-04,7.2                                                                                                                                                                                    
2005-05,7                                                                                                                                                                                      
2005-06,7.1                                                                                                                                                                                    
2005-07,7.7                                                                                                                                                                                    
2005-08,7.2                                                                                                                                                                                    
2005-09,7.9                                                                                                                                                                                    
2005-10,7.8                                                                                                                                                                                    
2005-11,8.1                                                                                                                                                                                    
2005-12,7.1                                                                                                                                                                                    
2004-00,9.2                                                                                                                                                                                    
2004-01,11.2                                                                                                                                                                                   
2004-02,10.7                                                                                                                                                                                   
2004-03,10.6                                                                                                                                                                                   
2004-04,9.3                                                                                                                                                                                    
2004-05,8.9                                                                                                                                                                                    
2004-06,9.3                                                                                                                                                                                    
2004-07,9.4                                                                                                                                                                                    
2004-08,8.6                                                                                                                                                                                    
2004-09,8.3                                                                                                                                                                                    
2004-10,8.3                                                                                                                                                                                    
2004-11,8                                                                                                                                                                                      
2004-12,7.9                                                                                                                                                                                    
2003-00,10.6                                                                                                                                                                                   
2003-01,11.4                                                                                                                                                                                   
2003-02,11.1                                                                                                                                                                                   
2003-03,10.5                                                                                                                                                                                   
2003-04,10.1                                                                                                                                                                                   
2003-05,9.9                                                                                                                                                                                    
2003-06,10.6                                                                                                                                                                                   
2003-07,10.7                                                                                                                                                                                   
2003-08,10.6                                                                                                                                                                                   
2003-09,10.6                                                                                                                                                                                   
2003-10,10.8                                                                                                                                                                                   
2003-11,10.8                                                                                                                                                                                   
2003-12,10.2                                                                                                                                                                                   
2002-00,9.7                                                                                                                                                                                    
2002-01,9.8                                                                                                                                                                                    
2002-02,9.7                                                                                                                                                                                    
2002-03,9.7                                                                                                                                                                                    
2002-04,9.5                                                                                                                                                                                    
2002-05,9.2                                                                                                                                                                                    
2002-06,9.5                                                                                                                                                                                    
2002-07,9.7                                                                                                                                                                                    
2002-08,9.5                                                                                                                                                                                    
2002-09,9.2                                                                                                                                                                                    
2002-10,10                                                                                                                                                                                     
2002-11,10.5                                                                                                                                                                                   
2002-12,10.6                                                                                                                                                                                   
2001-00,7.3                                                                                                                                                                                    
2001-01,7.1                                                                                                                                                                                    
2001-02,7                                                                                                                                                                                      
2001-03,6.8                                                                                                                                                                                    
2001-04,6.2                                                                                                                                                                                    
2001-05,6                                                                                                                                                                                      
2001-06,6.3                                                                                                                                                                                    
2001-07,6.8                                                                                                                                                                                    
2001-08,7.5                                                                                                                                                                                    
2001-09,7.6                                                                                                                                                                                    
2001-10,8.4                                                                                                                                                                                    
2001-11,8.7                                                                                                                                                                                    
2001-12,8.9                                                                                                                                                                                    
2000-00,7.1                                                                                                                                                                                    
2000-01,7.8                                                                                                                                                                                    
2000-02,7.8                                                                                                                                                                                    
2000-03,7.8                                                                                                                                                                                    
2000-04,6.9                                                                                                                                                                                    
2000-05,7                                                                                                                                                                                      
2000-06,6.6                                                                                                                                                                                    
2000-07,7.3                                                                                                                                                                                    
2000-08,7.1                                                                                                                                                                                    
2000-09,6.8                                                                                                                                                                                    
2000-10,6.9                                                                                                                                                                                    
2000-11,6.9                                                                                                                                                                                    
2000-12,6.4                                                                                                                                                                                    
1999-00,8.2                                                                                                                                                                                    
1999-01,9.2                                                                                                                                                                                    
1999-02,9.2                                                                                                                                                                                    
1999-03,8.3                                                                                                                                                                                    
1999-04,7.9                                                                                                                                                                                    
1999-05,7.6                                                                                                                                                                                    
1999-06,8.2                                                                                                                                                                                    
1999-07,8.7                                                                                                                                                                                    
1999-08,8.3                                                                                                                                                                                    
1999-09,8.1                                                                                                                                                                                    
1999-10,8                                                                                                                                                                                      
1999-11,7.5                                                                                                                                                                                    
1999-12,6.9                                                                                                                                                                                    
1998-00,9.9                                                                                                                                                                                    
1998-01,11.2                                                                                                                                                                                   
1998-02,11.1                                                                                                                                                                                   
1998-03,10.9                                                                                                                                                                                   
1998-04,9.3                                                                                                                                                                                    
1998-05,9.4                                                                                                                                                                                    
1998-06,9.6                                                                                                                                                                                    
1998-07,10                                                                                                                                                                                     
1998-08,9.5                                                                                                                                                                                    
1998-09,9.7                                                                                                                                                                                    
1998-10,10                                                                                                                                                                                     
1998-11,9.5                                                                                                                                                                                    
1998-12,8.9                                                                                                                                                                                    
1997-00,11.7                                                                                                                                                                                   
1997-01,12.6                                                                                                                                                                                   
1997-02,12.8                                                                                                                                                                                   
1997-03,12.9                                                                                                                                                                                   
1997-04,11.9                                                                                                                                                                                   
1997-05,11.8                                                                                                                                                                                   
1997-06,12.1                                                                                                                                                                                   
1997-07,12.1                                                                                                                                                                                   
1997-08,11.4                                                                                                                                                                                   
1997-09,11.3                                                                                                                                                                                   
1997-10,11.1                                                                                                                                                                                   
1997-11,10.5                                                                                                                                                                                   
1997-12,10.1                                                                                                                                                                                   
1996-00,10.6                                                                                                                                                                                   
1996-01,10.1                                                                                                                                                                                   
1996-02,10.2                                                                                                                                                                                   
1996-03,10.6                                                                                                                                                                                   
1996-04,10.1                                                                                                                                                                                   
1996-05,10.5                                                                                                                                                                                   
1996-06,10                                                                                                                                                                                     
1996-07,10.8                                                                                                                                                                                   
1996-08,10.2                                                                                                                                                                                   
1996-09,10.1                                                                                                                                                                                   
1996-10,11.1                                                                                                                                                                                   
1996-11,11.6                                                                                                                                                                                   
1996-12,11.5                                                                                                                                                                                   
1995-00,9.6                                                                                                                                                                                    
1995-01,9.6                                                                                                                                                                                    
1995-02,9.5                                                                                                                                                                                    
1995-03,9.6                                                                                                                                                                                    
1995-04,9.7                                                                                                                                                                                    
1995-05,9.4                                                                                                                                                                                    
1995-06,9.4                                                                                                                                                                                    
1995-07,10                                                                                                                                                                                     
1995-08,9.8                                                                                                                                                                                    
1995-09,9.6                                                                                                                                                                                    
1995-10,9.6                                                                                                                                                                                    
1995-11,9.5                                                                                                                                                                                    
1995-12,9.3                                                                                                                                                                                    
1994-00,10.2                                                                                                                                                                                   
1994-01,11.9                                                                                                                                                                                   
1994-02,11.6                                                                                                                                                                                   
1994-03,11.2                                                                                                                                                                                   
1994-04,10.5                                                                                                                                                                                   
1994-05,9.7                                                                                                                                                                                    
1994-06,9.9                                                                                                                                                                                    
1994-07,10.4                                                                                                                                                                                   
1994-08,10                                                                                                                                                                                     
1994-09,9.4                                                                                                                                                                                    
1994-10,9.7                                                                                                                                                                                    
1994-11,9.1                                                                                                                                                                                    
1994-12,8.3                                                                                                                                                                                    
1993-00,12.2                                                                                                                                                                                   
1993-01,14.2                                                                                                                                                                                   
1993-02,13.5                                                                                                                                                                                   
1993-03,12.7                                                                                                                                                                                   
1993-04,11.8                                                                                                                                                                                   
1993-05,11.9                                                                                                                                                                                   
1993-06,12                                                                                                                                                                                     
1993-07,12.6                                                                                                                                                                                   
1993-08,11.7                                                                                                                                                                                   
1993-09,11.4                                                                                                                                                                                   
1993-10,12.1                                                                                                                                                                                   
1993-11,11.5                                                                                                                                                                                   
1993-12,11                                                                                                                                                                                     
1992-00,13.1                                                                                                                                                                                   
1992-01,12.1                                                                                                                                                                                   
1992-02,12.6                                                                                                                                                                                   
1992-03,12.2                                                                                                                                                                                   
1992-04,11.6                                                                                                                                                                                   
1992-05,12.5                                                                                                                                                                                   
1992-06,13.5                                                                                                                                                                                   
1992-07,14                                                                                                                                                                                     
1992-08,14.1                                                                                                                                                                                   
1992-09,13.8                                                                                                                                                                                   
1992-10,13.8                                                                                                                                                                                   
1992-11,13.9                                                                                                                                                                                   
1992-12,13.4                                                                                                                                                                                   
1991-00,10.4                                                                                                                                                                                   
1991-01,9.2                                                                                                                                                                                    
1991-02,9.5                                                                                                                                                                                    
1991-03,9.9                                                                                                                                                                                    
1991-04,9.6                                                                                                                                                                                    
1991-05,10.4                                                                                                                                                                                   
1991-06,10.4                                                                                                                                                                                   
1991-07,10.7                                                                                                                                                                                   
1991-08,10.8                                                                                                                                                                                   
1991-09,10.5                                                                                                                                                                                   
1991-10,10.9                                                                                                                                                                                   
1991-11,11.8                                                                                                                                                                                   
1991-12,11.3                                                                                                                                                                                   
1990-00,8.5                                                                                                                                                                                    
1990-01,8.4                                                                                                                                                                                    
1990-02,8.7                                                                                                                                                                                    
1990-03,8.3                                                                                                                                                                                    
1990-04,7.8                                                                                                                                                                                    
1990-05,8.1                                                                                                                                                                                    
1990-06,7.8                                                                                                                                                                                    
1990-07,8.5                                                                                                                                                                                    
1990-08,8.5                                                                                                                                                                                    
1990-09,8.7                                                                                                                                                                                    
1990-10,8.9                                                                                                                                                                                    
1990-11,9.2                                                                                                                                                                                    
1990-12,8.4                                                                                                                                                                                    
