2020-01,3.6                                                                                                                                                                                  
2020-02,3.5                                                                                                                                                                                  
2020-03,4.2                                                                                                                                                                                  
2020-04,14.7                                                                                                                                                                                 
2020-05,18.2                                                                                                                                                                                 
2020-06,20.5                                                                                                                                                                                 
2020-07,20.5                                                                                                                                                                                 
2020-08,16.5                                                                                                                                                                                 
2020-09,14                                                                                                                                                                                   
2020-10,13.3                                                                                                                                                                                 
2019-01,5                                                                                                                                                                                    
2019-02,4.7                                                                                                                                                                                  
2019-03,4.4                                                                                                                                                                                  
2019-04,3.8                                                                                                                                                                                  
2019-05,4                                                                                                                                                                                    
2019-06,4                                                                                                                                                                                    
2019-07,4.4                                                                                                                                                                                  
2019-08,4.3                                                                                                                                                                                  
2019-09,3.6                                                                                                                                                                                  
2019-10,3.8                                                                                                                                                                                  
2019-11,3.5                                                                                                                                                                                  
2019-12,3.2                                                                                                                                                                                  
2018-01,4.7                                                                                                                                                                                  
2018-02,4.7                                                                                                                                                                                  
2018-03,4.4                                                                                                                                                                                  
2018-04,4                                                                                                                                                                                    
2018-05,3.8                                                                                                                                                                                  
2018-06,4.4                                                                                                                                                                                  
2018-07,4.5                                                                                                                                                                                  
2018-08,4.5                                                                                                                                                                                  
2018-09,4                                                                                                                                                                                    
2018-10,4.2                                                                                                                                                                                  
2018-11,4                                                                                                                                                                                    
2018-12,4.2                                                                                                                                                                                  
2017-01,5.2                                                                                                                                                                                  
2017-02,5.1                                                                                                                                                                                  
2017-03,4.6                                                                                                                                                                                  
2017-04,4.4                                                                                                                                                                                  
2017-05,4.6                                                                                                                                                                                  
2017-06,4.7                                                                                                                                                                                  
2017-07,5.3                                                                                                                                                                                  
2017-08,5.4                                                                                                                                                                                  
2017-09,4.8                                                                                                                                                                                  
2017-10,4.6                                                                                                                                                                                  
2017-11,4.3                                                                                                                                                                                  
2017-12,4.1                                                                                                                                                                                  
2016-01,5.7                                                                                                                                                                                  
2016-02,5.6                                                                                                                                                                                  
2016-03,5.5                                                                                                                                                                                  
2016-04,5                                                                                                                                                                                    
2016-05,4.8                                                                                                                                                                                  
2016-06,5.3                                                                                                                                                                                  
2016-07,5.8                                                                                                                                                                                  
2016-08,5.8                                                                                                                                                                                  
2016-09,5.6                                                                                                                                                                                  
2016-10,5.4                                                                                                                                                                                  
2016-11,4.8                                                                                                                                                                                  
2016-12,4.6                                                                                                                                                                                  
2015-01,7.1                                                                                                                                                                                  
2015-02,6.8                                                                                                                                                                                  
2015-03,6.2                                                                                                                                                                                  
2015-04,5.9                                                                                                                                                                                  
2015-05,6                                                                                                                                                                                    
2015-06,5.8                                                                                                                                                                                  
2015-07,6                                                                                                                                                                                    
2015-08,5.7                                                                                                                                                                                  
2015-09,5.2                                                                                                                                                                                  
2015-10,5.4                                                                                                                                                                                  
2015-11,5.4                                                                                                                                                                                  
2015-12,5.3                                                                                                                                                                                  
2014-01,8.7                                                                                                                                                                                 
2014-02,8.9                                                                                                                                                                                 
2014-03,8.5                                                                                                                                                                                 
2014-04,7.4                                                                                                                                                                                  
2014-05,7.7                                                                                                                                                                                  
2014-06,7.6                                                                                                                                                                                  
2014-07,8.1                                                                                                                                                                                  
2014-08,7.7                                                                                                                                                                                  
2014-09,6.9                                                                                                                                                                                  
2014-10,6.9                                                                                                                                                                                  
2014-11,6.9                                                                                                                                                                                  
2014-12,6.4                                                                                                                                                                                  
2013-01,10.3                                                                                                                                                                                
2013-02,9.9                                                                                                                                                                                 
2013-03,9.1                                                                                                                                                                                 
2013-04,8.6                                                                                                                                                                                 
2013-05,9.1                                                                                                                                                                                 
2013-06,9.7                                                                                                                                                                                 
2013-07,9.8                                                                                                                                                                                 
2013-08,9.7                                                                                                                                                                                 
2013-09,9.3                                                                                                                                                                                 
2013-10,9.5                                                                                                                                                                                 
2013-11,8.8                                                                                                                                                                                 
2013-12,8.3                                                                                                                                                                                 
2012-01,10.4                                                                                                                                                                                
2012-02,10.5                                                                                                                                                                                
2012-03,10                                                                                                                                                                                  
2012-04,9.2                                                                                                                                                                                 
2012-05,9.6                                                                                                                                                                                 
2012-06,10.1                                                                                                                                                                                
2012-07,10.4                                                                                                                                                                                
2012-08,9.9                                                                                                                                                                                 
2012-09,9.2                                                                                                                                                                                 
2012-10,9.5                                                                                                                                                                                 
2012-11,9.1                                                                                                                                                                                 
2012-12,9.4                                                                                                                                                                                 
2011-01,9.8                                                                                                                                                                                 
2011-02,9.6                                                                                                                                                                                 
2011-03,9.1                                                                                                                                                                                 
2011-04,8.8                                                                                                                                                                                 
2011-05,9                                                                                                                                                                                   
2011-06,9.6                                                                                                                                                                                 
2011-07,9.9                                                                                                                                                                                 
2011-08,9.8                                                                                                                                                                                 
2011-09,9.7                                                                                                                                                                                 
2011-10,9.9                                                                                                                                                                                 
2011-11,9.7                                                                                                                                                                                 
2011-12,9.8                                                                                                                                                                                 
2010-01,10.8                                                                                                                                                                                
2010-02,10.6                                                                                                                                                                                
2010-03,10.3                                                                                                                                                                                
2010-04,9.9                                                                                                                                                                                 
2010-05,9.6                                                                                                                                                                                 
2010-06,9.8                                                                                                                                                                                 
2010-07,10.2                                                                                                                                                                                
2010-08,9.9                                                                                                                                                                                 
2010-09,9.6                                                                                                                                                                                 
2010-10,9.6                                                                                                                                                                                 
2010-11,9.7                                                                                                                                                                                 
2010-12,9.3                                                                                                                                                                                 
2009-01,8.3                                                                                                                                                                                  
2009-02,9                                                                                                                                                                                   
2009-03,9.1                                                                                                                                                                                 
2009-04,8.9                                                                                                                                                                                  
2009-05,9.4                                                                                                                                                                                 
2009-06,10.1                                                                                                                                                                                
2009-07,10.6                                                                                                                                                                                
2009-08,10.7                                                                                                                                                                                
2009-09,10.7                                                                                                                                                                                 
2009-10,11                                                                                                                                                                                   
2009-11,10.6                                                                                                                                                                                 
2009-12,10.7                                                                                                                                                                                 
2008-01,6                                                                                                                                                                                    
2008-02,5.7                                                                                                                                                                                  
2008-03,5.4                                                                                                                                                                                  
2008-04,4.8                                                                                                                                                                                  
2008-05,5.3                                                                                                                                                                                  
2008-06,5.5                                                                                                                                                                                  
2008-07,6.2                                                                                                                                                                                  
2008-08,6.5                                                                                                                                                                                  
2008-09,6.3                                                                                                                                                                                  
2008-10,6.6                                                                                                                                                                                  
2008-11,6.7                                                                                                                                                                                  
2008-12,7.2                                                                                                                                                                                  
2007-01,5.6                                                                                                                                                                                  
2007-02,5.4                                                                                                                                                                                  
2007-03,4.9                                                                                                                                                                                  
2007-04,4.9                                                                                                                                                                                  
2007-05,5.1                                                                                                                                                                                  
2007-06,5.5                                                                                                                                                                                  
2007-07,6.3                                                                                                                                                                                  
2007-08,5.9                                                                                                                                                                                  
2007-09,5.5                                                                                                                                                                                  
2007-10,5.5                                                                                                                                                                                  
2007-11,5.3                                                                                                                                                                                  
2007-12,5.5                                                                                                                                                                                  
2006-01,5.9                                                                                                                                                                                  
2006-02,6.1                                                                                                                                                                                  
2006-03,5.6                                                                                                                                                                                  
2006-04,5.4                                                                                                                                                                                  
2006-05,5.2                                                                                                                                                                                  
2006-06,5.3                                                                                                                                                                                  
2006-07,6                                                                                                                                                                                    
2006-08,5.4                                                                                                                                                                                  
2006-09,4.9                                                                                                                                                                                  
2006-10,4.7                                                                                                                                                                                  
2006-11,4.9                                                                                                                                                                                  
2006-12,4.8                                                                                                                                                                                  
2005-01,6.7                                                                                                                                                                                   
2005-02,6.8                                                                                                                                                                                   
2005-03,6                                                                                                                                                                                     
2005-04,5.9                                                                                                                                                                                  
2005-05,5.8                                                                                                                                                                                   
2005-06,5.9                                                                                                                                                                                  
2005-07,6.4                                                                                                                                                                                  
2005-08,6                                                                                                                                                                                    
2005-09,6.5                                                                                                                                                                                  
2005-10,6.4                                                                                                                                                                                  
2005-11,6.6                                                                                                                                                                                  
2005-12,5.8                                                                                                                                                                                  
2004-01,9.3                                                                                                                                                                                   
2004-02,8.7                                                                                                                                                                                   
2004-03,8.6                                                                                                                                                                                   
2004-04,7.8                                                                                                                                                                                   
2004-05,7.4                                                                                                                                                                                   
2004-06,7.8                                                                                                                                                                                   
2004-07,8                                                                                                                                                                                     
2004-08,7.3                                                                                                                                                                                   
2004-09,6.9                                                                                                                                                                                   
2004-10,6.9                                                                                                                                                                                   
2004-11,6.6                                                                                                                                                                                   
2004-12,6.5                                                                                                                                                                                   
2003-01,9.9                                                                                                                                                                                  
2003-02,9.6                                                                                                                                                                                  
2003-03,9                                                                                                                                                                                     
2003-04,8.8                                                                                                                                                                                   
2003-05,8.7                                                                                                                                                                                   
2003-06,9.1                                                                                                                                                                                   
2003-07,9.3                                                                                                                                                                                   
2003-08,9.1                                                                                                                                                                                   
2003-09,9                                                                                                                                                                                     
2003-10,9.1                                                                                                                                                                                   
2003-11,8.9                                                                                                                                                                                   
2003-12,8.4                                                                                                                                                                                   
2002-01,8.9                                                                                                                                                                                   
2002-02,8.8                                                                                                                                                                                   
2002-03,8.8                                                                                                                                                                                   
2002-04,8.5                                                                                                                                                                                   
2002-05,8.2                                                                                                                                                                                   
2002-06,8.3                                                                                                                                                                                   
2002-07,8.6                                                                                                                                                                                   
2002-08,8.5                                                                                                                                                                                   
2002-09,8.1                                                                                                                                                                                   
2002-10,8.7                                                                                                                                                                                   
2002-11,9.1                                                                                                                                                                                   
2002-12,9.2                                                                                                                                                                                   
2001-01,6.1                                                                                                                                                                                   
2001-02,6                                                                                                                                                                                     
2001-03,5.8                                                                                                                                                                                   
2001-04,5.5                                                                                                                                                                                   
2001-05,5.2                                                                                                                                                                                   
2001-06,5.6                                                                                                                                                                                   
2001-07,6                                                                                                                                                                                     
2001-08,6.7                                                                                                                                                                                   
2001-09,6.8                                                                                                                                                                                   
2001-10,7.6                                                                                                                                                                                   
2001-11,7.9                                                                                                                                                                                   
2001-12,8.1                                                                                                                                                                                   
2000-01,7.1                                                                                                                                                                                   
2000-02,7                                                                                                                                                                                     
2000-03,7                                                                                                                                                                                     
2000-04,6.3                                                                                                                                                                                   
2000-05,6.3                                                                                                                                                                                   
2000-06,6                                                                                                                                                                                     
2000-07,6.6                                                                                                                                                                                   
2000-08,6.5                                                                                                                                                                                   
2000-09,5.9                                                                                                                                                                                   
2000-10,6                                                                                                                                                                                     
2000-11,5.9                                                                                                                                                                                   
2000-12,5.5                                                                                                                                                                                   
1999-01,9.1                                                                                                                                                                                   
1999-02,9.1                                                                                                                                                                                   
1999-03,8.2                                                                                                                                                                                   
1999-04,7.9                                                                                                                                                                                   
1999-05,7.4                                                                                                                                                                                    
1999-06,7.8                                                                                                                                                                                   
1999-07,8.5                                                                                                                                                                                   
1999-08,7.9                                                                                                                                                                                   
1999-09,7.6                                                                                                                                                                                   
1999-10,7.4                                                                                                                                                                                   
1999-11,7                                                                                                                                                                                     
1999-12,6.8                                                                                                                                                                                   
1998-01,10.6                                                                                                                                                                                  
1998-02,10.5                                                                                                                                                                                 
1998-03,10.4                                                                                                                                                                                 
1998-04,9.3                                                                                                                                                                                    
1998-05,8.7                                                                                                                                                                                    
1998-06,8.8                                                                                                                                                                                    
1998-07,9.2                                                                                                                                                                                   
1998-08,8.9                                                                                                                                                                                   
1998-09,8.8                                                                                                                                                                                    
1998-10,9.2                                                                                                                                                                                   
1998-11,8.8                                                                                                                                                                                   
1998-12,8.6                                                                                                                                                                                   
1997-01,11.9                                                                                                                                                                                  
1997-02,11.8                                                                                                                                                                                  
1997-03,11.7                                                                                                                                                                                  
1997-04,11.2                                                                                                                                                                                  
1997-05,10.7                                                                                                                                                                                  
1997-06,10.9                                                                                                                                                                                  
1997-07,11.2                                                                                                                                                                                 
1997-08,10.7                                                                                                                                                                                  
1997-09,10.2                                                                                                                                                                                  
1997-10,10                                                                                                                                                                                     
1997-11,9.5                                                                                                                                                                                    
1997-12,9.4                                                                                                                                                                                    
1996-01,10.2                                                                                                                                                                                   
1996-02,10.1                                                                                                                                                                                   
1996-03,10.4                                                                                                                                                                                   
1996-04,10.3                                                                                                                                                                                   
1996-05,10                                                                                                                                                                                     
1996-06,9.5                                                                                                                                                                                    
1996-07,10.4                                                                                                                                                                                  
1996-08,9.6                                                                                                                                                                                    
1996-09,9.3                                                                                                                                                                                    
1996-10,9.7                                                                                                                                                                                    
1996-11,10.2                                                                                                                                                                                   
1996-12,10.5                                                                                                                                                                                  
1995-01,9.4                                                                                                                                                                                    
1995-02,9.2                                                                                                                                                                                    
1995-03,9.2                                                                                                                                                                                    
1995-04,9.3                                                                                                                                                                                    
1995-05,9                                                                                                                                                                                      
1995-06,8.8                                                                                                                                                                                    
1995-07,9.5                                                                                                                                                                                    
1995-08,9.4                                                                                                                                                                                    
1995-09,9.1                                                                                                                                                                                    
1995-10,9.2                                                                                                                                                                                    
1995-11,9.1                                                                                                                                                                                    
1995-12,9.2                                                                                                                                                                                    
1994-01,12                                                                                                                                                                                    
1994-02,11.4                                                                                                                                                                                  
1994-03,11.1                                                                                                                                                                                  
1994-04,10.5                                                                                                                                                                                   
1994-05,9.7                                                                                                                                                                                    
1994-06,9.8                                                                                                                                                                                    
1994-07,10.1                                                                                                                                                                                   
1994-08,9.6                                                                                                                                                                                    
1994-09,8.8                                                                                                                                                                                    
1994-10,8.9                                                                                                                                                                                    
1994-11,8.4                                                                                                                                                                                    
1994-12,8                                                                                                                                                                                      
1993-01,13.6                                                                                                                                                                                  
1993-02,13.3                                                                                                                                                                                  
1993-03,12.1                                                                                                                                                                                  
1993-04,11.4                                                                                                                                                                                  
1993-05,11.2                                                                                                                                                                                  
1993-06,11                                                                                                                                                                                    
1993-07,11.3                                                                                                                                                                                  
1993-08,10.9                                                                                                                                                                                  
1993-09,10.7                                                                                                                                                                                   
1993-10,11.2                                                                                                                                                                                  
1993-11,10.9                                                                                                                                                                                  
1993-12,11                                                                                                                                                                                    
1992-01,11.7                                                                                                                                                                                  
1992-02,12.1                                                                                                                                                                                  
1992-03,11.6                                                                                                                                                                                  
1992-04,11.2                                                                                                                                                                                  
1992-05,11.9                                                                                                                                                                                  
1992-06,12.6                                                                                                                                                                                  
1992-07,12.9                                                                                                                                                                                  
1992-08,12.5                                                                                                                                                                                  
1992-09,12.3                                                                                                                                                                                  
1992-10,12.3                                                                                                                                                                                  
1992-11,12.2                                                                                                                                                                                  
1992-12,12.4                                                                                                                                                                                  
1991-01,9.1                                                                                                                                                                                    
1991-02,9.3                                                                                                                                                                                    
1991-03,9.3                                                                                                                                                                                    
1991-04,9.1                                                                                                                                                                                    
1991-05,9.7                                                                                                                                                                                    
1991-06,9.5                                                                                                                                                                                    
1991-07,9.9                                                                                                                                                                                    
1991-08,9.7                                                                                                                                                                                    
1991-09,9.4                                                                                                                                                                                    
1991-10,9.8                                                                                                                                                                                    
1991-11,9.6                                                                                                                                                                                    
1991-12,10.3                                                                                                                                                                                   
1990-01,8.3                                                                                                                                                                                    
1990-02,8.3                                                                                                                                                                                    
1990-03,7.8                                                                                                                                                                                    
1990-04,7.5                                                                                                                                                                                    
1990-05,7.4                                                                                                                                                                                    
1990-06,6.9                                                                                                                                                                                    
1990-07,7.8                                                                                                                                                                                    
1990-08,7.6                                                                                                                                                                                    
1990-09,7.9                                                                                                                                                                                    
1990-10,8.3                                                                                                                                                                                    
1990-11,8                                                                                                                                                                                      
1990-12,8                                                                                                                                                                                      
